Partition Merge report for gesture
Wed Apr 24 14:10:42 2024
Quartus Prime Version 18.1.0 Build 625 09/12/2018 SJ Standard Edition


---------------------
; Table of Contents ;
---------------------
  1. Legal Notice
  2. Partition Merge Summary
  3. Partition Merge Netlist Types Used
  4. Connections to In-System Debugging Instance "auto_signaltap_0"
  5. Partition Merge Partition Statistics
  6. Partition Merge Partition Pin Processing
  7. Partition Merge Resource Usage Summary
  8. Partition Merge RAM Summary
  9. Partition Merge Messages



----------------
; Legal Notice ;
----------------
Copyright (C) 2018  Intel Corporation. All rights reserved.
Your use of Intel Corporation's design tools, logic functions 
and other software and tools, and its AMPP partner logic 
functions, and any output files from any of the foregoing 
(including device programming or simulation files), and any 
associated documentation or information are expressly subject 
to the terms and conditions of the Intel Program License 
Subscription Agreement, the Intel Quartus Prime License Agreement,
the Intel FPGA IP License Agreement, or other applicable license
agreement, including, without limitation, that your use is for
the sole purpose of programming logic devices manufactured by
Intel and sold by Intel or its authorized distributors.  Please
refer to the applicable agreement for further details.



+--------------------------------------------------------------------------------------+
; Partition Merge Summary                                                              ;
+------------------------------------+-------------------------------------------------+
; Partition Merge Status             ; Successful - Wed Apr 24 14:10:42 2024           ;
; Quartus Prime Version              ; 18.1.0 Build 625 09/12/2018 SJ Standard Edition ;
; Revision Name                      ; gesture                                         ;
; Top-level Entity Name              ; i2c_ctrl                                        ;
; Family                             ; Cyclone IV E                                    ;
; Total logic elements               ; 716                                             ;
;     Total combinational functions  ; 500                                             ;
;     Dedicated logic registers      ; 508                                             ;
; Total registers                    ; 508                                             ;
; Total pins                         ; 4                                               ;
; Total virtual pins                 ; 0                                               ;
; Total memory bits                  ; 1,280                                           ;
; Embedded Multiplier 9-bit elements ; 0                                               ;
; Total PLLs                         ; 0                                               ;
+------------------------------------+-------------------------------------------------+


+-------------------------------------------------------------------------------------------------------------------------------+
; Partition Merge Netlist Types Used                                                                                            ;
+--------------------------------+----------------+-------------------+------------------------+--------------------------------+
; Partition Name                 ; Partition Type ; Netlist Type Used ; Netlist Type Requested ; Partition Contents             ;
+--------------------------------+----------------+-------------------+------------------------+--------------------------------+
; Top                            ; User-created   ; Source File       ; Post-Fit               ;                                ;
; sld_hub:auto_hub               ; Auto-generated ; Post-Synthesis    ; Post-Synthesis         ; sld_hub:auto_hub               ;
; sld_signaltap:auto_signaltap_0 ; Auto-generated ; Post-Synthesis    ; Post-Synthesis         ; sld_signaltap:auto_signaltap_0 ;
; hard_block:auto_generated_inst ; Auto-generated ; Source File       ; Source File            ; hard_block:auto_generated_inst ;
+--------------------------------+----------------+-------------------+------------------------+--------------------------------+


+--------------------------------------------------------------------------------------------------------------------------------------------------------------------------------------------------------------------------------------------------------------------------------------------------------------+
; Connections to In-System Debugging Instance "auto_signaltap_0"                                                                                                                                                                                                                                               ;
+----------------------+---------------+-----------+--------------------------------+-------------------+-------------------------------------+----------------------------------------------------------------------------------------------------------------------------------------------------------------+
; Name                 ; Type          ; Status    ; Partition Name                 ; Netlist Type Used ; Actual Connection                   ; Details                                                                                                                                                        ;
+----------------------+---------------+-----------+--------------------------------+-------------------+-------------------------------------+----------------------------------------------------------------------------------------------------------------------------------------------------------------+
; scl                  ; pre-synthesis ; connected ; Top                            ; post-synthesis    ; Selector6~1                         ; N/A                                                                                                                                                            ;
; scl                  ; pre-synthesis ; connected ; Top                            ; post-synthesis    ; Selector6~1                         ; N/A                                                                                                                                                            ;
; sda                  ; pre-synthesis ; connected ; Top                            ; post-synthesis    ; sda                                 ; N/A                                                                                                                                                            ;
; sda                  ; pre-synthesis ; connected ; Top                            ; post-synthesis    ; sda                                 ; N/A                                                                                                                                                            ;
; skip_en_1            ; pre-synthesis ; connected ; Top                            ; post-synthesis    ; skip_en_1                           ; N/A                                                                                                                                                            ;
; skip_en_1            ; pre-synthesis ; connected ; Top                            ; post-synthesis    ; skip_en_1                           ; N/A                                                                                                                                                            ;
; state_c.IDLE         ; pre-synthesis ; connected ; Top                            ; post-synthesis    ; state_c.IDLE~_wirecell              ; N/A                                                                                                                                                            ;
; state_c.IDLE         ; pre-synthesis ; connected ; Top                            ; post-synthesis    ; state_c.IDLE~_wirecell              ; N/A                                                                                                                                                            ;
; state_c.SLAVE_ID     ; pre-synthesis ; connected ; Top                            ; post-synthesis    ; state_c.SLAVE_ID                    ; N/A                                                                                                                                                            ;
; state_c.SLAVE_ID     ; pre-synthesis ; connected ; Top                            ; post-synthesis    ; state_c.SLAVE_ID                    ; N/A                                                                                                                                                            ;
; state_c.START        ; pre-synthesis ; connected ; Top                            ; post-synthesis    ; state_c.START                       ; N/A                                                                                                                                                            ;
; state_c.START        ; pre-synthesis ; connected ; Top                            ; post-synthesis    ; state_c.START                       ; N/A                                                                                                                                                            ;
; state_c.STOP         ; pre-synthesis ; connected ; Top                            ; post-synthesis    ; state_c.STOP                        ; N/A                                                                                                                                                            ;
; state_c.STOP         ; pre-synthesis ; connected ; Top                            ; post-synthesis    ; state_c.STOP                        ; N/A                                                                                                                                                            ;
; step[0]              ; pre-synthesis ; missing   ; Top                            ; post-synthesis    ; GND                                 ; The name does not exist in your design or refers to an invalid hierarchy or bus element.  You may have modified your design after creating the debug instance. ;
; step[0]              ; pre-synthesis ; missing   ; Top                            ; post-synthesis    ; GND                                 ; The name does not exist in your design or refers to an invalid hierarchy or bus element.  You may have modified your design after creating the debug instance. ;
; step[1]              ; pre-synthesis ; missing   ; Top                            ; post-synthesis    ; GND                                 ; The name does not exist in your design or refers to an invalid hierarchy or bus element.  You may have modified your design after creating the debug instance. ;
; step[1]              ; pre-synthesis ; missing   ; Top                            ; post-synthesis    ; GND                                 ; The name does not exist in your design or refers to an invalid hierarchy or bus element.  You may have modified your design after creating the debug instance. ;
; step[2]              ; pre-synthesis ; missing   ; Top                            ; post-synthesis    ; GND                                 ; The name does not exist in your design or refers to an invalid hierarchy or bus element.  You may have modified your design after creating the debug instance. ;
; step[2]              ; pre-synthesis ; missing   ; Top                            ; post-synthesis    ; GND                                 ; The name does not exist in your design or refers to an invalid hierarchy or bus element.  You may have modified your design after creating the debug instance. ;
; auto_signaltap_0|gnd ; post-fitting  ; connected ; sld_signaltap:auto_signaltap_0 ; post-synthesis    ; sld_signaltap:auto_signaltap_0|~GND ; N/A                                                                                                                                                            ;
; auto_signaltap_0|gnd ; post-fitting  ; connected ; sld_signaltap:auto_signaltap_0 ; post-synthesis    ; sld_signaltap:auto_signaltap_0|~GND ; N/A                                                                                                                                                            ;
; auto_signaltap_0|gnd ; post-fitting  ; connected ; sld_signaltap:auto_signaltap_0 ; post-synthesis    ; sld_signaltap:auto_signaltap_0|~GND ; N/A                                                                                                                                                            ;
; auto_signaltap_0|gnd ; post-fitting  ; connected ; sld_signaltap:auto_signaltap_0 ; post-synthesis    ; sld_signaltap:auto_signaltap_0|~GND ; N/A                                                                                                                                                            ;
; auto_signaltap_0|gnd ; post-fitting  ; connected ; sld_signaltap:auto_signaltap_0 ; post-synthesis    ; sld_signaltap:auto_signaltap_0|~GND ; N/A                                                                                                                                                            ;
; auto_signaltap_0|gnd ; post-fitting  ; connected ; sld_signaltap:auto_signaltap_0 ; post-synthesis    ; sld_signaltap:auto_signaltap_0|~GND ; N/A                                                                                                                                                            ;
; auto_signaltap_0|gnd ; post-fitting  ; connected ; sld_signaltap:auto_signaltap_0 ; post-synthesis    ; sld_signaltap:auto_signaltap_0|~GND ; N/A                                                                                                                                                            ;
; auto_signaltap_0|gnd ; post-fitting  ; connected ; sld_signaltap:auto_signaltap_0 ; post-synthesis    ; sld_signaltap:auto_signaltap_0|~GND ; N/A                                                                                                                                                            ;
; auto_signaltap_0|gnd ; post-fitting  ; connected ; sld_signaltap:auto_signaltap_0 ; post-synthesis    ; sld_signaltap:auto_signaltap_0|~GND ; N/A                                                                                                                                                            ;
; auto_signaltap_0|gnd ; post-fitting  ; connected ; sld_signaltap:auto_signaltap_0 ; post-synthesis    ; sld_signaltap:auto_signaltap_0|~GND ; N/A                                                                                                                                                            ;
; auto_signaltap_0|gnd ; post-fitting  ; connected ; sld_signaltap:auto_signaltap_0 ; post-synthesis    ; sld_signaltap:auto_signaltap_0|~GND ; N/A                                                                                                                                                            ;
; auto_signaltap_0|gnd ; post-fitting  ; connected ; sld_signaltap:auto_signaltap_0 ; post-synthesis    ; sld_signaltap:auto_signaltap_0|~GND ; N/A                                                                                                                                                            ;
; auto_signaltap_0|gnd ; post-fitting  ; connected ; sld_signaltap:auto_signaltap_0 ; post-synthesis    ; sld_signaltap:auto_signaltap_0|~GND ; N/A                                                                                                                                                            ;
; auto_signaltap_0|gnd ; post-fitting  ; connected ; sld_signaltap:auto_signaltap_0 ; post-synthesis    ; sld_signaltap:auto_signaltap_0|~GND ; N/A                                                                                                                                                            ;
; auto_signaltap_0|gnd ; post-fitting  ; connected ; sld_signaltap:auto_signaltap_0 ; post-synthesis    ; sld_signaltap:auto_signaltap_0|~GND ; N/A                                                                                                                                                            ;
; auto_signaltap_0|gnd ; post-fitting  ; connected ; sld_signaltap:auto_signaltap_0 ; post-synthesis    ; sld_signaltap:auto_signaltap_0|~GND ; N/A                                                                                                                                                            ;
; auto_signaltap_0|gnd ; post-fitting  ; connected ; sld_signaltap:auto_signaltap_0 ; post-synthesis    ; sld_signaltap:auto_signaltap_0|~GND ; N/A                                                                                                                                                            ;
; auto_signaltap_0|gnd ; post-fitting  ; connected ; sld_signaltap:auto_signaltap_0 ; post-synthesis    ; sld_signaltap:auto_signaltap_0|~GND ; N/A                                                                                                                                                            ;
; auto_signaltap_0|gnd ; post-fitting  ; connected ; sld_signaltap:auto_signaltap_0 ; post-synthesis    ; sld_signaltap:auto_signaltap_0|~GND ; N/A                                                                                                                                                            ;
; auto_signaltap_0|gnd ; post-fitting  ; connected ; sld_signaltap:auto_signaltap_0 ; post-synthesis    ; sld_signaltap:auto_signaltap_0|~GND ; N/A                                                                                                                                                            ;
; auto_signaltap_0|gnd ; post-fitting  ; connected ; sld_signaltap:auto_signaltap_0 ; post-synthesis    ; sld_signaltap:auto_signaltap_0|~GND ; N/A                                                                                                                                                            ;
; auto_signaltap_0|gnd ; post-fitting  ; connected ; sld_signaltap:auto_signaltap_0 ; post-synthesis    ; sld_signaltap:auto_signaltap_0|~GND ; N/A                                                                                                                                                            ;
; auto_signaltap_0|vcc ; post-fitting  ; connected ; sld_signaltap:auto_signaltap_0 ; post-synthesis    ; sld_signaltap:auto_signaltap_0|~VCC ; N/A                                                                                                                                                            ;
; auto_signaltap_0|vcc ; post-fitting  ; connected ; sld_signaltap:auto_signaltap_0 ; post-synthesis    ; sld_signaltap:auto_signaltap_0|~VCC ; N/A                                                                                                                                                            ;
; auto_signaltap_0|vcc ; post-fitting  ; connected ; sld_signaltap:auto_signaltap_0 ; post-synthesis    ; sld_signaltap:auto_signaltap_0|~VCC ; N/A                                                                                                                                                            ;
; auto_signaltap_0|vcc ; post-fitting  ; connected ; sld_signaltap:auto_signaltap_0 ; post-synthesis    ; sld_signaltap:auto_signaltap_0|~VCC ; N/A                                                                                                                                                            ;
; auto_signaltap_0|vcc ; post-fitting  ; connected ; sld_signaltap:auto_signaltap_0 ; post-synthesis    ; sld_signaltap:auto_signaltap_0|~VCC ; N/A                                                                                                                                                            ;
; auto_signaltap_0|vcc ; post-fitting  ; connected ; sld_signaltap:auto_signaltap_0 ; post-synthesis    ; sld_signaltap:auto_signaltap_0|~VCC ; N/A                                                                                                                                                            ;
; auto_signaltap_0|vcc ; post-fitting  ; connected ; sld_signaltap:auto_signaltap_0 ; post-synthesis    ; sld_signaltap:auto_signaltap_0|~VCC ; N/A                                                                                                                                                            ;
; auto_signaltap_0|vcc ; post-fitting  ; connected ; sld_signaltap:auto_signaltap_0 ; post-synthesis    ; sld_signaltap:auto_signaltap_0|~VCC ; N/A                                                                                                                                                            ;
; auto_signaltap_0|vcc ; post-fitting  ; connected ; sld_signaltap:auto_signaltap_0 ; post-synthesis    ; sld_signaltap:auto_signaltap_0|~VCC ; N/A                                                                                                                                                            ;
; auto_signaltap_0|vcc ; post-fitting  ; connected ; sld_signaltap:auto_signaltap_0 ; post-synthesis    ; sld_signaltap:auto_signaltap_0|~VCC ; N/A                                                                                                                                                            ;
; i2c_clk              ; post-fitting  ; connected ; Top                            ; post-synthesis    ; i2c_clk                             ; N/A                                                                                                                                                            ;
+----------------------+---------------+-----------+--------------------------------+-------------------+-------------------------------------+----------------------------------------------------------------------------------------------------------------------------------------------------------------+


+----------------------------------------------------------------------------------------------------------------------------------------+
; Partition Merge Partition Statistics                                                                                                   ;
+---------------------------------------------+-----+------------------+--------------------------------+--------------------------------+
; Statistic                                   ; Top ; sld_hub:auto_hub ; sld_signaltap:auto_signaltap_0 ; hard_block:auto_generated_inst ;
+---------------------------------------------+-----+------------------+--------------------------------+--------------------------------+
; Estimated Total logic elements              ; 53  ; 155              ; 511                            ; 0                              ;
;                                             ;     ;                  ;                                ;                                ;
; Total combinational functions               ; 50  ; 128              ; 322                            ; 0                              ;
; Logic element usage by number of LUT inputs ;     ;                  ;                                ;                                ;
;     -- 4 input functions                    ; 20  ; 53               ; 135                            ; 0                              ;
;     -- 3 input functions                    ; 10  ; 38               ; 92                             ; 0                              ;
;     -- <=2 input functions                  ; 20  ; 37               ; 95                             ; 0                              ;
;                                             ;     ;                  ;                                ;                                ;
; Logic elements by mode                      ;     ;                  ;                                ;                                ;
;     -- normal mode                          ; 37  ; 120              ; 257                            ; 0                              ;
;     -- arithmetic mode                      ; 13  ; 8                ; 65                             ; 0                              ;
;                                             ;     ;                  ;                                ;                                ;
; Total registers                             ; 26  ; 91               ; 391                            ; 0                              ;
;     -- Dedicated logic registers            ; 26  ; 91               ; 391                            ; 0                              ;
;     -- I/O registers                        ; 0   ; 0                ; 0                              ; 0                              ;
;                                             ;     ;                  ;                                ;                                ;
; Virtual pins                                ; 0   ; 0                ; 0                              ; 0                              ;
; I/O pins                                    ; 4   ; 0                ; 0                              ; 0                              ;
; Embedded Multiplier 9-bit elements          ; 0   ; 0                ; 0                              ; 0                              ;
; Total memory bits                           ; 0   ; 0                ; 1280                           ; 0                              ;
; Total RAM block bits                        ; 0   ; 0                ; 0                              ; 0                              ;
; JTAG                                        ; 1   ; 0                ; 0                              ; 0                              ;
;                                             ;     ;                  ;                                ;                                ;
; Connections                                 ;     ;                  ;                                ;                                ;
;     -- Input Connections                    ; 2   ; 134              ; 611                            ; 0                              ;
;     -- Registered Input Connections         ; 0   ; 102              ; 435                            ; 0                              ;
;     -- Output Connections                   ; 560 ; 153              ; 34                             ; 0                              ;
;     -- Registered Output Connections        ; 198 ; 153              ; 0                              ; 0                              ;
;                                             ;     ;                  ;                                ;                                ;
; Internal Connections                        ;     ;                  ;                                ;                                ;
;     -- Total Connections                    ; 801 ; 846              ; 2476                           ; 0                              ;
;     -- Registered Connections               ; 322 ; 612              ; 1425                           ; 0                              ;
;                                             ;     ;                  ;                                ;                                ;
; External Connections                        ;     ;                  ;                                ;                                ;
;     -- Top                                  ; 2   ; 123              ; 437                            ; 0                              ;
;     -- sld_hub:auto_hub                     ; 123 ; 20               ; 144                            ; 0                              ;
;     -- sld_signaltap:auto_signaltap_0       ; 437 ; 144              ; 64                             ; 0                              ;
;     -- hard_block:auto_generated_inst       ; 0   ; 0                ; 0                              ; 0                              ;
;                                             ;     ;                  ;                                ;                                ;
; Partition Interface                         ;     ;                  ;                                ;                                ;
;     -- Input Ports                          ; 5   ; 45               ; 99                             ; 0                              ;
;     -- Output Ports                         ; 7   ; 62               ; 35                             ; 0                              ;
;     -- Bidir Ports                          ; 1   ; 0                ; 0                              ; 0                              ;
;                                             ;     ;                  ;                                ;                                ;
; Registered Ports                            ;     ;                  ;                                ;                                ;
;     -- Registered Input Ports               ; 0   ; 4                ; 26                             ; 0                              ;
;     -- Registered Output Ports              ; 0   ; 29               ; 21                             ; 0                              ;
;                                             ;     ;                  ;                                ;                                ;
; Port Connectivity                           ;     ;                  ;                                ;                                ;
;     -- Input Ports driven by GND            ; 0   ; 0                ; 28                             ; 0                              ;
;     -- Output Ports driven by GND           ; 0   ; 28               ; 2                              ; 0                              ;
;     -- Input Ports driven by VCC            ; 0   ; 0                ; 10                             ; 0                              ;
;     -- Output Ports driven by VCC           ; 0   ; 0                ; 1                              ; 0                              ;
;     -- Input Ports with no Source           ; 0   ; 25               ; 14                             ; 0                              ;
;     -- Output Ports with no Source          ; 0   ; 0                ; 0                              ; 0                              ;
;     -- Input Ports with no Fanout           ; 0   ; 30               ; 28                             ; 0                              ;
;     -- Output Ports with no Fanout          ; 0   ; 29               ; 23                             ; 0                              ;
+---------------------------------------------+-----+------------------+--------------------------------+--------------------------------+
Note: Resource usage numbers presented for Partitions containing post-synthesis logic are estimates.  For Partitions containing post-fit logic, resource usage numbers are accurate based on previous placement information.  Actual Fitter results may vary depending on current Fitter Preservation Level assignments.


+-----------------------------------------------------------------------------------------------------------------------+
; Partition Merge Partition Pin Processing                                                                              ;
+-----------------------------------+-----------+---------------+----------+--------------------------------------------+
; Name                              ; Partition ; Type          ; Location ; Status                                     ;
+-----------------------------------+-----------+---------------+----------+--------------------------------------------+
; altera_reserved_tck               ; Top       ; Input Port    ; n/a      ;                                            ;
;     -- altera_reserved_tck        ; Top       ; Input Pad     ; Unplaced ; Synthesized                                ;
;     -- altera_reserved_tck~input  ; Top       ; Input Buffer  ; Unplaced ; Synthesized                                ;
;                                   ;           ;               ;          ;                                            ;
; altera_reserved_tdi               ; Top       ; Input Port    ; n/a      ;                                            ;
;     -- altera_reserved_tdi        ; Top       ; Input Pad     ; Unplaced ; Synthesized                                ;
;     -- altera_reserved_tdi~input  ; Top       ; Input Buffer  ; Unplaced ; Synthesized                                ;
;                                   ;           ;               ;          ;                                            ;
; altera_reserved_tdo               ; Top       ; Output Port   ; n/a      ;                                            ;
;     -- altera_reserved_tdo        ; Top       ; Output Pad    ; Unplaced ; Synthesized                                ;
;     -- altera_reserved_tdo~output ; Top       ; Output Buffer ; Unplaced ; Synthesized                                ;
;                                   ;           ;               ;          ;                                            ;
; altera_reserved_tms               ; Top       ; Input Port    ; n/a      ;                                            ;
;     -- altera_reserved_tms        ; Top       ; Input Pad     ; Unplaced ; Synthesized                                ;
;     -- altera_reserved_tms~input  ; Top       ; Input Buffer  ; Unplaced ; Synthesized                                ;
;                                   ;           ;               ;          ;                                            ;
; pre_syn.bp.skip_en_1              ; Top       ; Output Port   ; n/a      ;                                            ;
;                                   ;           ;               ;          ;                                            ;
; pre_syn.bp.state_c.IDLE           ; Top       ; Output Port   ; n/a      ;                                            ;
;                                   ;           ;               ;          ;                                            ;
; pre_syn.bp.state_c.SLAVE_ID       ; Top       ; Output Port   ; n/a      ;                                            ;
;                                   ;           ;               ;          ;                                            ;
; pre_syn.bp.state_c.START          ; Top       ; Output Port   ; n/a      ;                                            ;
;                                   ;           ;               ;          ;                                            ;
; pre_syn.bp.state_c.STOP           ; Top       ; Output Port   ; n/a      ;                                            ;
;                                   ;           ;               ;          ;                                            ;
; scl                               ; Top       ; Output Port   ; n/a      ;                                            ;
;     -- scl                        ; Top       ; Output Pad    ; Unplaced ; Synthesized                                ;
;     -- scl~output                 ; Top       ; Output Buffer ; Unplaced ; Synthesized                                ;
;                                   ;           ;               ;          ;                                            ;
; sda                               ; Top       ; Bidir Port    ; n/a      ;                                            ;
;     -- sda                        ; Top       ; Bidir Pad     ; Unplaced ; Synthesized                                ;
;     -- sda~output                 ; Top       ; Output Buffer ; Unplaced ; Preserved from Synthesis Netlist (WYSIWYG) ;
;                                   ;           ;               ;          ;                                            ;
; sys_clk                           ; Top       ; Input Port    ; n/a      ;                                            ;
;     -- sys_clk                    ; Top       ; Input Pad     ; Unplaced ; Synthesized                                ;
;     -- sys_clk~input              ; Top       ; Input Buffer  ; Unplaced ; Synthesized                                ;
;                                   ;           ;               ;          ;                                            ;
; sys_rst_n                         ; Top       ; Input Port    ; n/a      ;                                            ;
;     -- sys_rst_n                  ; Top       ; Input Pad     ; Unplaced ; Synthesized                                ;
;     -- sys_rst_n~input            ; Top       ; Input Buffer  ; Unplaced ; Synthesized                                ;
;                                   ;           ;               ;          ;                                            ;
+-----------------------------------+-----------+---------------+----------+--------------------------------------------+


+------------------------------------------------------------------------+
; Partition Merge Resource Usage Summary                                 ;
+---------------------------------------------+--------------------------+
; Resource                                    ; Usage                    ;
+---------------------------------------------+--------------------------+
; Estimated Total logic elements              ; 716                      ;
;                                             ;                          ;
; Total combinational functions               ; 500                      ;
; Logic element usage by number of LUT inputs ;                          ;
;     -- 4 input functions                    ; 208                      ;
;     -- 3 input functions                    ; 140                      ;
;     -- <=2 input functions                  ; 152                      ;
;                                             ;                          ;
; Logic elements by mode                      ;                          ;
;     -- normal mode                          ; 414                      ;
;     -- arithmetic mode                      ; 86                       ;
;                                             ;                          ;
; Total registers                             ; 508                      ;
;     -- Dedicated logic registers            ; 508                      ;
;     -- I/O registers                        ; 0                        ;
;                                             ;                          ;
; I/O pins                                    ; 4                        ;
; Total memory bits                           ; 1280                     ;
;                                             ;                          ;
; Embedded Multiplier 9-bit elements          ; 0                        ;
;                                             ;                          ;
; Maximum fan-out node                        ; altera_internal_jtag~TDO ;
; Maximum fan-out                             ; 336                      ;
; Total fan-out                               ; 3385                     ;
; Average fan-out                             ; 3.27                     ;
+---------------------------------------------+--------------------------+


+-----------------------------------------------------------------------------------------------------------------------------------------------------------------------------------------------------------------------------------------------------------------------------------------------------------+
; Partition Merge RAM Summary                                                                                                                                                                                                                                                                               ;
+-------------------------------------------------------------------------------------------------------------------------------------------------------------------------------------------------------+------+------------------+--------------+--------------+--------------+--------------+------+------+
; Name                                                                                                                                                                                                  ; Type ; Mode             ; Port A Depth ; Port A Width ; Port B Depth ; Port B Width ; Size ; MIF  ;
+-------------------------------------------------------------------------------------------------------------------------------------------------------------------------------------------------------+------+------------------+--------------+--------------+--------------+--------------+------+------+
; sld_signaltap:auto_signaltap_0|sld_signaltap_impl:sld_signaltap_body|sld_signaltap_implb:sld_signaltap_body|altsyncram:\stp_non_zero_ram_gen:stp_buffer_ram|altsyncram_o424:auto_generated|ALTSYNCRAM ; AUTO ; Simple Dual Port ; 128          ; 10           ; 128          ; 10           ; 1280 ; None ;
+-------------------------------------------------------------------------------------------------------------------------------------------------------------------------------------------------------+------+------------------+--------------+--------------+--------------+--------------+------+------+


+--------------------------+
; Partition Merge Messages ;
+--------------------------+
Info: *******************************************************************
Info: Running Quartus Prime Partition Merge
    Info: Version 18.1.0 Build 625 09/12/2018 SJ Standard Edition
    Info: Processing started: Wed Apr 24 14:10:41 2024
Info: Command: quartus_cdb --read_settings_files=off --write_settings_files=off gesture -c gesture --merge=on
Warning (18236): Number of processors has not been specified which may cause overloading on shared machines.  Set the global assignment NUM_PARALLEL_PROCESSORS in your QSF to an appropriate value for best performance.
Warning (35010): Previously generated Fitter netlist for partition "Top" is older than current Synthesis netlist -- using the current Synthesis netlist instead to ensure that the latest source changes are included
    Info (35011): Set the option to Ignore source file changes to force the Quartus Prime software to always use a previously generated Fitter netlist
Info (35007): Using synthesis netlist for partition "Top"
Info (35007): Using synthesis netlist for partition "sld_hub:auto_hub"
Info (35007): Using synthesis netlist for partition "sld_signaltap:auto_signaltap_0"
Critical Warning (35025): Partially connected in-system debug instance "auto_signaltap_0" to 47 of its 53 required data inputs, trigger inputs, acquisition clocks, and dynamic pins.  There were 0 illegal, 0 inaccessible, and 6 missing sources or connections.
Info (35002): Resolved and merged 3 partition(s)
Info (16010): Generating hard_block partition "hard_block:auto_generated_inst"
    Info (16011): Adding 0 node(s), including 0 DDIO, 0 PLL, 0 transceiver and 0 LCELL
Info (21057): Implemented 751 device resources after synthesis - the final resource count might be different
    Info (21058): Implemented 5 input pins
    Info (21059): Implemented 2 output pins
    Info (21060): Implemented 1 bidirectional pins
    Info (21061): Implemented 732 logic cells
    Info (21064): Implemented 10 RAM segments
Info: Quartus Prime Partition Merge was successful. 0 errors, 3 warnings
    Info: Peak virtual memory: 4694 megabytes
    Info: Processing ended: Wed Apr 24 14:10:42 2024
    Info: Elapsed time: 00:00:01
    Info: Total CPU time (on all processors): 00:00:00


