Flow report for gesture
Wed Apr 24 14:10:57 2024
Quartus Prime Version 18.1.0 Build 625 09/12/2018 SJ Standard Edition


---------------------
; Table of Contents ;
---------------------
  1. Legal Notice
  2. Flow Summary
  3. Flow Settings
  4. Flow Non-Default Global Settings
  5. Flow Elapsed Time
  6. Flow OS Summary
  7. Flow Log
  8. Flow Messages
  9. Flow Suppressed Messages



----------------
; Legal Notice ;
----------------
Copyright (C) 2018  Intel Corporation. All rights reserved.
Your use of Intel Corporation's design tools, logic functions 
and other software and tools, and its AMPP partner logic 
functions, and any output files from any of the foregoing 
(including device programming or simulation files), and any 
associated documentation or information are expressly subject 
to the terms and conditions of the Intel Program License 
Subscription Agreement, the Intel Quartus Prime License Agreement,
the Intel FPGA IP License Agreement, or other applicable license
agreement, including, without limitation, that your use is for
the sole purpose of programming logic devices manufactured by
Intel and sold by Intel or its authorized distributors.  Please
refer to the applicable agreement for further details.



+--------------------------------------------------------------------------------------+
; Flow Summary                                                                         ;
+------------------------------------+-------------------------------------------------+
; Flow Status                        ; Successful - Wed Apr 24 14:10:57 2024           ;
; Quartus Prime Version              ; 18.1.0 Build 625 09/12/2018 SJ Standard Edition ;
; Revision Name                      ; gesture                                         ;
; Top-level Entity Name              ; i2c_ctrl                                        ;
; Family                             ; Cyclone IV E                                    ;
; Device                             ; EP4CE6F17C8                                     ;
; Timing Models                      ; Final                                           ;
; Total logic elements               ; 690 / 6,272 ( 11 % )                            ;
;     Total combinational functions  ; 503 / 6,272 ( 8 % )                             ;
;     Dedicated logic registers      ; 508 / 6,272 ( 8 % )                             ;
; Total registers                    ; 508                                             ;
; Total pins                         ; 4 / 180 ( 2 % )                                 ;
; Total virtual pins                 ; 0                                               ;
; Total memory bits                  ; 1,280 / 276,480 ( < 1 % )                       ;
; Embedded Multiplier 9-bit elements ; 0 / 30 ( 0 % )                                  ;
; Total PLLs                         ; 0 / 2 ( 0 % )                                   ;
+------------------------------------+-------------------------------------------------+


+-----------------------------------------+
; Flow Settings                           ;
+-------------------+---------------------+
; Option            ; Setting             ;
+-------------------+---------------------+
; Start date & time ; 04/24/2024 13:03:55 ;
; Main task         ; Compilation         ;
; Revision Name     ; gesture             ;
+-------------------+---------------------+


+-----------------------------------------------------------------------------------------------------------------------------+
; Flow Non-Default Global Settings                                                                                            ;
+-------------------------------------+----------------------------------------+---------------+-------------+----------------+
; Assignment Name                     ; Value                                  ; Default Value ; Entity Name ; Section Id     ;
+-------------------------------------+----------------------------------------+---------------+-------------+----------------+
; COMPILER_SIGNATURE_ID               ; 1098472200108.171393503516928          ; --            ; --          ; --             ;
; EDA_OUTPUT_DATA_FORMAT              ; Verilog Hdl                            ; --            ; --          ; eda_simulation ;
; EDA_SIMULATION_TOOL                 ; ModelSim-Altera (Verilog)              ; <None>        ; --          ; --             ;
; EDA_TIME_SCALE                      ; 1 ps                                   ; --            ; --          ; eda_simulation ;
; ENABLE_SIGNALTAP                    ; On                                     ; --            ; --          ; --             ;
; MAX_CORE_JUNCTION_TEMP              ; 85                                     ; --            ; --          ; --             ;
; MIN_CORE_JUNCTION_TEMP              ; 0                                      ; --            ; --          ; --             ;
; NOMINAL_CORE_SUPPLY_VOLTAGE         ; 1.2V                                   ; --            ; --          ; --             ;
; PARTITION_COLOR                     ; -- (Not supported for targeted family) ; --            ; i2c_ctrl    ; Top            ;
; PARTITION_FITTER_PRESERVATION_LEVEL ; -- (Not supported for targeted family) ; --            ; i2c_ctrl    ; Top            ;
; PARTITION_NETLIST_TYPE              ; -- (Not supported for targeted family) ; --            ; i2c_ctrl    ; Top            ;
; PROJECT_OUTPUT_DIRECTORY            ; output_files                           ; --            ; --          ; --             ;
; SLD_FILE                            ; db/stp1_auto_stripped.stp              ; --            ; --          ; --             ;
; TOP_LEVEL_ENTITY                    ; i2c_ctrl                               ; gesture       ; --          ; --             ;
; USE_SIGNALTAP_FILE                  ; output_files/stp1.stp                  ; --            ; --          ; --             ;
+-------------------------------------+----------------------------------------+---------------+-------------+----------------+


+--------------------------------------------------------------------------------------------------------------------------+
; Flow Elapsed Time                                                                                                        ;
+----------------------+--------------+-------------------------+---------------------+------------------------------------+
; Module Name          ; Elapsed Time ; Average Processors Used ; Peak Virtual Memory ; Total CPU Time (on all processors) ;
+----------------------+--------------+-------------------------+---------------------+------------------------------------+
; Analysis & Synthesis ; 00:00:11     ; 1.0                     ; 4835 MB             ; 00:00:07                           ;
; Fitter               ; 00:00:04     ; 1.1                     ; 6504 MB             ; 00:00:03                           ;
; Assembler            ; 00:00:01     ; 1.0                     ; 4670 MB             ; 00:00:01                           ;
; Timing Analyzer      ; 00:00:02     ; 1.1                     ; 4872 MB             ; 00:00:01                           ;
; EDA Netlist Writer   ; 00:00:01     ; 1.0                     ; 4637 MB             ; 00:00:01                           ;
; Analysis & Synthesis ; 00:00:33     ; 1.0                     ; 4825 MB             ; 00:00:28                           ;
; Analysis & Synthesis ; 00:00:11     ; 1.0                     ; 4711 MB             ; 00:00:07                           ;
; Partition Merge      ; 00:00:01     ; 1.0                     ; 4707 MB             ; 00:00:01                           ;
; Fitter               ; 00:00:03     ; 1.1                     ; 6505 MB             ; 00:00:02                           ;
; Assembler            ; 00:00:01     ; 1.0                     ; 4669 MB             ; 00:00:01                           ;
; Timing Analyzer      ; 00:00:02     ; 1.1                     ; 4872 MB             ; 00:00:01                           ;
; EDA Netlist Writer   ; 00:00:00     ; 1.0                     ; 4637 MB             ; 00:00:01                           ;
; Analysis & Synthesis ; 00:00:33     ; 1.0                     ; 4825 MB             ; 00:00:17                           ;
; Analysis & Synthesis ; 00:00:33     ; 1.0                     ; 4826 MB             ; 00:00:31                           ;
; Analysis & Synthesis ; 00:00:33     ; 1.0                     ; 4824 MB             ; 00:00:17                           ;
; Analysis & Synthesis ; 00:00:43     ; 1.1                     ; 4881 MB             ; 00:00:16                           ;
; Partition Merge      ; 00:00:01     ; 1.0                     ; 4694 MB             ; 00:00:00                           ;
; Fitter               ; 00:00:05     ; 1.2                     ; 6515 MB             ; 00:00:02                           ;
; Assembler            ; 00:00:01     ; 1.0                     ; 4677 MB             ; 00:00:01                           ;
; Timing Analyzer      ; 00:00:02     ; 1.3                     ; 4906 MB             ; 00:00:00                           ;
; EDA Netlist Writer   ; 00:00:03     ; 1.0                     ; 4650 MB             ; 00:00:02                           ;
; Total                ; 00:03:44     ; --                      ; --                  ; 00:02:20                           ;
+----------------------+--------------+-------------------------+---------------------+------------------------------------+


+------------------------------------------------------------------------------------+
; Flow OS Summary                                                                    ;
+----------------------+------------------+------------+------------+----------------+
; Module Name          ; Machine Hostname ; OS Name    ; OS Version ; Processor type ;
+----------------------+------------------+------------+------------+----------------+
; Analysis & Synthesis ; LAPTOP-42D1A6LA  ; Windows 10 ; 10.0       ; x86_64         ;
; Fitter               ; LAPTOP-42D1A6LA  ; Windows 10 ; 10.0       ; x86_64         ;
; Assembler            ; LAPTOP-42D1A6LA  ; Windows 10 ; 10.0       ; x86_64         ;
; Timing Analyzer      ; LAPTOP-42D1A6LA  ; Windows 10 ; 10.0       ; x86_64         ;
; EDA Netlist Writer   ; LAPTOP-42D1A6LA  ; Windows 10 ; 10.0       ; x86_64         ;
; Analysis & Synthesis ; LAPTOP-42D1A6LA  ; Windows 10 ; 10.0       ; x86_64         ;
; Analysis & Synthesis ; LAPTOP-42D1A6LA  ; Windows 10 ; 10.0       ; x86_64         ;
; Partition Merge      ; LAPTOP-42D1A6LA  ; Windows 10 ; 10.0       ; x86_64         ;
; Fitter               ; LAPTOP-42D1A6LA  ; Windows 10 ; 10.0       ; x86_64         ;
; Assembler            ; LAPTOP-42D1A6LA  ; Windows 10 ; 10.0       ; x86_64         ;
; Timing Analyzer      ; LAPTOP-42D1A6LA  ; Windows 10 ; 10.0       ; x86_64         ;
; EDA Netlist Writer   ; LAPTOP-42D1A6LA  ; Windows 10 ; 10.0       ; x86_64         ;
; Analysis & Synthesis ; LAPTOP-42D1A6LA  ; Windows 10 ; 10.0       ; x86_64         ;
; Analysis & Synthesis ; LAPTOP-42D1A6LA  ; Windows 10 ; 10.0       ; x86_64         ;
; Analysis & Synthesis ; LAPTOP-42D1A6LA  ; Windows 10 ; 10.0       ; x86_64         ;
; Analysis & Synthesis ; LAPTOP-42D1A6LA  ; Windows 10 ; 10.0       ; x86_64         ;
; Partition Merge      ; LAPTOP-42D1A6LA  ; Windows 10 ; 10.0       ; x86_64         ;
; Fitter               ; LAPTOP-42D1A6LA  ; Windows 10 ; 10.0       ; x86_64         ;
; Assembler            ; LAPTOP-42D1A6LA  ; Windows 10 ; 10.0       ; x86_64         ;
; Timing Analyzer      ; LAPTOP-42D1A6LA  ; Windows 10 ; 10.0       ; x86_64         ;
; EDA Netlist Writer   ; LAPTOP-42D1A6LA  ; Windows 10 ; 10.0       ; x86_64         ;
+----------------------+------------------+------------+------------+----------------+


------------
; Flow Log ;
------------
quartus_map --read_settings_files=on --write_settings_files=off gesture -c gesture
quartus_fit --read_settings_files=off --write_settings_files=off gesture -c gesture
quartus_asm --read_settings_files=off --write_settings_files=off gesture -c gesture
quartus_sta gesture -c gesture
quartus_eda --read_settings_files=off --write_settings_files=off gesture -c gesture
quartus_map --read_settings_files=on --write_settings_files=off gesture -c gesture
quartus_map --read_settings_files=on --write_settings_files=off gesture -c gesture
quartus_cdb --read_settings_files=off --write_settings_files=off gesture -c gesture --merge=on
quartus_fit --read_settings_files=off --write_settings_files=off gesture -c gesture
quartus_asm --read_settings_files=off --write_settings_files=off gesture -c gesture
quartus_sta gesture -c gesture
quartus_eda --read_settings_files=off --write_settings_files=off gesture -c gesture
quartus_map --read_settings_files=on --write_settings_files=off gesture -c gesture
quartus_map --read_settings_files=on --write_settings_files=off gesture -c gesture
quartus_map --read_settings_files=on --write_settings_files=off gesture -c gesture
quartus_map --read_settings_files=on --write_settings_files=off gesture -c gesture
quartus_cdb --read_settings_files=off --write_settings_files=off gesture -c gesture --merge=on
quartus_fit --read_settings_files=off --write_settings_files=off gesture -c gesture
quartus_asm --read_settings_files=off --write_settings_files=off gesture -c gesture
quartus_sta gesture -c gesture
quartus_eda --read_settings_files=off --write_settings_files=off gesture -c gesture



